{"C:\\Users\\Nicol\\OneDrive\\Documentos\\API_ALMOXARIFADO\\index.js": {"path":"C:\\Users\\Nicol\\OneDrive\\Documentos\\API_ALMOXARIFADO\\index.js","statementMap":{"0":{"start":{"line":9,"column":17},"end":{"line":9,"column":32}},"1":{"start":{"line":10,"column":19},"end":{"line":10,"column":42}},"2":{"start":{"line":11,"column":18},"end":{"line":11,"column":42}},"3":{"start":{"line":13,"column":19},"end":{"line":13,"column":28}},"4":{"start":{"line":14,"column":13},"end":{"line":14,"column":17}},"5":{"start":{"line":16,"column":0},"end":{"line":16,"column":24}},"6":{"start":{"line":17,"column":0},"end":{"line":17,"column":46}},"7":{"start":{"line":19,"column":0},"end":{"line":19,"column":56}},"8":{"start":{"line":20,"column":0},"end":{"line":20,"column":16}},"9":{"start":{"line":21,"column":0},"end":{"line":21,"column":23}},"10":{"start":{"line":23,"column":0},"end":{"line":27,"column":1}},"11":{"start":{"line":24,"column":4},"end":{"line":26,"column":6}},"12":{"start":{"line":25,"column":8},"end":{"line":25,"column":70}}},"fnMap":{"0":{"name":"(anonymous_0)","decl":{"start":{"line":24,"column":21},"end":{"line":24,"column":22}},"loc":{"start":{"line":24,"column":25},"end":{"line":26,"column":5}},"line":24}},"branchMap":{"0":{"loc":{"start":{"line":23,"column":0},"end":{"line":27,"column":1}},"type":"if","locations":[{"start":{"line":23,"column":0},"end":{"line":27,"column":1}},{"start":{},"end":{}}],"line":23}},"s":{"0":4,"1":4,"2":4,"3":4,"4":4,"5":4,"6":4,"7":4,"8":4,"9":4,"10":4,"11":0,"12":0},"f":{"0":0},"b":{"0":[0,4]},"_coverageSchema":"1a1c01bbd47fc00a2c39e90264f33305004495a9","hash":"16bd782591bf2c835981916a0e023bb672001767"}
,"C:\\Users\\Nicol\\OneDrive\\Documentos\\API_ALMOXARIFADO\\src\\config\\database.js": {"path":"C:\\Users\\Nicol\\OneDrive\\Documentos\\API_ALMOXARIFADO\\src\\config\\database.js","statementMap":{"0":{"start":{"line":4,"column":0},"end":{"line":4,"column":16}},"1":{"start":{"line":6,"column":0},"end":{"line":6,"column":124}},"2":{"start":{"line":6,"column":50},"end":{"line":6,"column":124}},"3":{"start":{"line":7,"column":13},"end":{"line":15,"column":2}},"4":{"start":{"line":17,"column":0},"end":{"line":17,"column":50}}},"fnMap":{},"branchMap":{"0":{"loc":{"start":{"line":6,"column":0},"end":{"line":6,"column":124}},"type":"if","locations":[{"start":{"line":6,"column":0},"end":{"line":6,"column":124}},{"start":{},"end":{}}],"line":6},"1":{"loc":{"start":{"line":6,"column":4},"end":{"line":6,"column":48}},"type":"binary-expr","locations":[{"start":{"line":6,"column":4},"end":{"line":6,"column":24}},{"start":{"line":6,"column":28},"end":{"line":6,"column":48}}],"line":6},"2":{"loc":{"start":{"line":8,"column":10},"end":{"line":8,"column":44}},"type":"binary-expr","locations":[{"start":{"line":8,"column":10},"end":{"line":8,"column":29}},{"start":{"line":8,"column":33},"end":{"line":8,"column":44}}],"line":8},"3":{"loc":{"start":{"line":11,"column":14},"end":{"line":11,"column":51}},"type":"binary-expr","locations":[{"start":{"line":11,"column":14},"end":{"line":11,"column":33}},{"start":{"line":11,"column":37},"end":{"line":11,"column":51}}],"line":11}},"s":{"0":4,"1":4,"2":0,"3":4,"4":4},"f":{},"b":{"0":[0,4],"1":[4,4],"2":[4,0],"3":[4,0]},"_coverageSchema":"1a1c01bbd47fc00a2c39e90264f33305004495a9","hash":"ac7cbeffe545211e80a5d66e969d1353940bd54c"}
,"C:\\Users\\Nicol\\OneDrive\\Documentos\\API_ALMOXARIFADO\\src\\controllers\\ProdutoController.js": {"path":"C:\\Users\\Nicol\\OneDrive\\Documentos\\API_ALMOXARIFADO\\src\\controllers\\ProdutoController.js","statementMap":{"0":{"start":{"line":5,"column":4},"end":{"line":11,"column":5}},"1":{"start":{"line":6,"column":25},"end":{"line":6,"column":40}},"2":{"start":{"line":7,"column":8},"end":{"line":7,"column":39}},"3":{"start":{"line":9,"column":8},"end":{"line":9,"column":52}},"4":{"start":{"line":10,"column":8},"end":{"line":10,"column":81}},"5":{"start":{"line":15,"column":4},"end":{"line":30,"column":5}},"6":{"start":{"line":16,"column":33},"end":{"line":16,"column":59}},"7":{"start":{"line":19,"column":8},"end":{"line":26,"column":11}},"8":{"start":{"line":20,"column":12},"end":{"line":25,"column":13}},"9":{"start":{"line":21,"column":16},"end":{"line":21,"column":63}},"10":{"start":{"line":22,"column":16},"end":{"line":24,"column":17}},"11":{"start":{"line":23,"column":20},"end":{"line":23,"column":85}},"12":{"start":{"line":28,"column":8},"end":{"line":28,"column":51}},"13":{"start":{"line":29,"column":8},"end":{"line":29,"column":75}},"14":{"start":{"line":34,"column":4},"end":{"line":64,"column":5}},"15":{"start":{"line":35,"column":24},"end":{"line":35,"column":40}},"16":{"start":{"line":36,"column":22},"end":{"line":36,"column":36}},"17":{"start":{"line":37,"column":27},"end":{"line":37,"column":46}},"18":{"start":{"line":39,"column":8},"end":{"line":41,"column":9}},"19":{"start":{"line":40,"column":12},"end":{"line":40,"column":96}},"20":{"start":{"line":43,"column":8},"end":{"line":45,"column":9}},"21":{"start":{"line":44,"column":12},"end":{"line":44,"column":102}},"22":{"start":{"line":47,"column":8},"end":{"line":49,"column":9}},"23":{"start":{"line":48,"column":12},"end":{"line":48,"column":46}},"24":{"start":{"line":51,"column":23},"end":{"line":51,"column":63}},"25":{"start":{"line":53,"column":8},"end":{"line":57,"column":11}},"26":{"start":{"line":59,"column":8},"end":{"line":61,"column":9}},"27":{"start":{"line":60,"column":12},"end":{"line":60,"column":91}},"28":{"start":{"line":62,"column":8},"end":{"line":62,"column":29}},"29":{"start":{"line":63,"column":8},"end":{"line":63,"column":77}},"30":{"start":{"line":68,"column":4},"end":{"line":82,"column":5}},"31":{"start":{"line":69,"column":19},"end":{"line":69,"column":30}},"32":{"start":{"line":71,"column":26},"end":{"line":71,"column":46}},"33":{"start":{"line":73,"column":8},"end":{"line":75,"column":9}},"34":{"start":{"line":74,"column":12},"end":{"line":74,"column":91}},"35":{"start":{"line":78,"column":8},"end":{"line":78,"column":66}},"36":{"start":{"line":80,"column":8},"end":{"line":80,"column":29}},"37":{"start":{"line":81,"column":8},"end":{"line":81,"column":75}},"38":{"start":{"line":86,"column":4},"end":{"line":97,"column":5}},"39":{"start":{"line":87,"column":23},"end":{"line":87,"column":32}},"40":{"start":{"line":88,"column":27},"end":{"line":88,"column":49}},"41":{"start":{"line":90,"column":8},"end":{"line":92,"column":9}},"42":{"start":{"line":91,"column":12},"end":{"line":91,"column":79}},"43":{"start":{"line":93,"column":8},"end":{"line":93,"column":41}},"44":{"start":{"line":95,"column":8},"end":{"line":95,"column":29}},"45":{"start":{"line":96,"column":8},"end":{"line":96,"column":57}}},"fnMap":{"0":{"name":"listar","decl":{"start":{"line":4,"column":22},"end":{"line":4,"column":28}},"loc":{"start":{"line":4,"column":39},"end":{"line":12,"column":1}},"line":4},"1":{"name":"relatorio","decl":{"start":{"line":14,"column":22},"end":{"line":14,"column":31}},"loc":{"start":{"line":14,"column":41},"end":{"line":31,"column":1}},"line":14},"2":{"name":"(anonymous_2)","decl":{"start":{"line":19,"column":39},"end":{"line":19,"column":40}},"loc":{"start":{"line":19,"column":47},"end":{"line":26,"column":9}},"line":19},"3":{"name":"adicionar","decl":{"start":{"line":33,"column":22},"end":{"line":33,"column":31}},"loc":{"start":{"line":33,"column":41},"end":{"line":65,"column":1}},"line":33},"4":{"name":"remover","decl":{"start":{"line":67,"column":22},"end":{"line":67,"column":29}},"loc":{"start":{"line":67,"column":39},"end":{"line":83,"column":1}},"line":67},"5":{"name":"buscar","decl":{"start":{"line":85,"column":22},"end":{"line":85,"column":28}},"loc":{"start":{"line":85,"column":38},"end":{"line":98,"column":1}},"line":85}},"branchMap":{"0":{"loc":{"start":{"line":20,"column":12},"end":{"line":25,"column":13}},"type":"if","locations":[{"start":{"line":20,"column":12},"end":{"line":25,"column":13}},{"start":{},"end":{}}],"line":20},"1":{"loc":{"start":{"line":22,"column":16},"end":{"line":24,"column":17}},"type":"if","locations":[{"start":{"line":22,"column":16},"end":{"line":24,"column":17}},{"start":{},"end":{}}],"line":22},"2":{"loc":{"start":{"line":39,"column":8},"end":{"line":41,"column":9}},"type":"if","locations":[{"start":{"line":39,"column":8},"end":{"line":41,"column":9}},{"start":{},"end":{}}],"line":39},"3":{"loc":{"start":{"line":39,"column":11},"end":{"line":39,"column":44}},"type":"binary-expr","locations":[{"start":{"line":39,"column":11},"end":{"line":39,"column":19}},{"start":{"line":39,"column":23},"end":{"line":39,"column":29}},{"start":{"line":39,"column":33},"end":{"line":39,"column":44}}],"line":39},"4":{"loc":{"start":{"line":43,"column":8},"end":{"line":45,"column":9}},"type":"if","locations":[{"start":{"line":43,"column":8},"end":{"line":45,"column":9}},{"start":{},"end":{}}],"line":43},"5":{"loc":{"start":{"line":43,"column":12},"end":{"line":43,"column":106}},"type":"binary-expr","locations":[{"start":{"line":43,"column":12},"end":{"line":43,"column":36}},{"start":{"line":43,"column":40},"end":{"line":43,"column":69}},{"start":{"line":43,"column":73},"end":{"line":43,"column":85}},{"start":{"line":43,"column":89},"end":{"line":43,"column":106}}],"line":43},"6":{"loc":{"start":{"line":47,"column":8},"end":{"line":49,"column":9}},"type":"if","locations":[{"start":{"line":47,"column":8},"end":{"line":49,"column":9}},{"start":{},"end":{}}],"line":47},"7":{"loc":{"start":{"line":59,"column":8},"end":{"line":61,"column":9}},"type":"if","locations":[{"start":{"line":59,"column":8},"end":{"line":61,"column":9}},{"start":{},"end":{}}],"line":59},"8":{"loc":{"start":{"line":73,"column":8},"end":{"line":75,"column":9}},"type":"if","locations":[{"start":{"line":73,"column":8},"end":{"line":75,"column":9}},{"start":{},"end":{}}],"line":73},"9":{"loc":{"start":{"line":90,"column":8},"end":{"line":92,"column":9}},"type":"if","locations":[{"start":{"line":90,"column":8},"end":{"line":92,"column":9}},{"start":{},"end":{}}],"line":90},"10":{"loc":{"start":{"line":90,"column":12},"end":{"line":90,"column":50}},"type":"binary-expr","locations":[{"start":{"line":90,"column":12},"end":{"line":90,"column":23}},{"start":{"line":90,"column":27},"end":{"line":90,"column":50}}],"line":90}},"s":{"0":2,"1":2,"2":2,"3":0,"4":0,"5":1,"6":1,"7":1,"8":1,"9":0,"10":0,"11":0,"12":0,"13":0,"14":6,"15":6,"16":6,"17":6,"18":6,"19":1,"20":5,"21":1,"22":4,"23":1,"24":3,"25":3,"26":1,"27":1,"28":0,"29":0,"30":2,"31":2,"32":2,"33":2,"34":1,"35":1,"36":0,"37":0,"38":0,"39":0,"40":0,"41":0,"42":0,"43":0,"44":0,"45":0},"f":{"0":2,"1":1,"2":1,"3":6,"4":2,"5":0},"b":{"0":[0,1],"1":[0,0],"2":[1,5],"3":[6,5,5],"4":[1,4],"5":[5,4,4,4],"6":[1,3],"7":[1,0],"8":[1,1],"9":[0,0],"10":[0,0]},"_coverageSchema":"1a1c01bbd47fc00a2c39e90264f33305004495a9","hash":"98f7ff18484c93af326e1f9f9da1ef30986c6fa6"}
,"C:\\Users\\Nicol\\OneDrive\\Documentos\\API_ALMOXARIFADO\\src\\middlewares\\Logger.js": {"path":"C:\\Users\\Nicol\\OneDrive\\Documentos\\API_ALMOXARIFADO\\src\\middlewares\\Logger.js","statementMap":{"0":{"start":{"line":2,"column":4},"end":{"line":2,"column":76}},"1":{"start":{"line":3,"column":4},"end":{"line":3,"column":11}}},"fnMap":{"0":{"name":"logger","decl":{"start":{"line":1,"column":16},"end":{"line":1,"column":22}},"loc":{"start":{"line":1,"column":38},"end":{"line":4,"column":1}},"line":1}},"branchMap":{},"s":{"0":11,"1":11},"f":{"0":11},"b":{},"_coverageSchema":"1a1c01bbd47fc00a2c39e90264f33305004495a9","hash":"0fae0f70dc66a44a70e2ad68b58d8d43f0f94c66"}
,"C:\\Users\\Nicol\\OneDrive\\Documentos\\API_ALMOXARIFADO\\src\\repositories\\ProdutoRepository.js": {"path":"C:\\Users\\Nicol\\OneDrive\\Documentos\\API_ALMOXARIFADO\\src\\repositories\\ProdutoRepository.js","statementMap":{"0":{"start":{"line":4,"column":21},"end":{"line":4,"column":63}},"1":{"start":{"line":5,"column":4},"end":{"line":5,"column":18}},"2":{"start":{"line":9,"column":21},"end":{"line":12,"column":5}},"3":{"start":{"line":13,"column":4},"end":{"line":13,"column":27}},"4":{"start":{"line":17,"column":21},"end":{"line":17,"column":85}},"5":{"start":{"line":18,"column":4},"end":{"line":18,"column":18}},"6":{"start":{"line":22,"column":21},"end":{"line":22,"column":87}},"7":{"start":{"line":24,"column":4},"end":{"line":24,"column":18}},"8":{"start":{"line":28,"column":23},"end":{"line":28,"column":40}},"9":{"start":{"line":29,"column":21},"end":{"line":32,"column":5}},"10":{"start":{"line":33,"column":4},"end":{"line":33,"column":18}},"11":{"start":{"line":37,"column":21},"end":{"line":40,"column":5}},"12":{"start":{"line":41,"column":4},"end":{"line":41,"column":18}}},"fnMap":{"0":{"name":"findAll","decl":{"start":{"line":3,"column":22},"end":{"line":3,"column":29}},"loc":{"start":{"line":3,"column":32},"end":{"line":6,"column":1}},"line":3},"1":{"name":"create","decl":{"start":{"line":8,"column":22},"end":{"line":8,"column":28}},"loc":{"start":{"line":8,"column":53},"end":{"line":14,"column":1}},"line":8},"2":{"name":"getRelatorio","decl":{"start":{"line":16,"column":22},"end":{"line":16,"column":34}},"loc":{"start":{"line":16,"column":36},"end":{"line":19,"column":1}},"line":16},"3":{"name":"deleteById","decl":{"start":{"line":21,"column":22},"end":{"line":21,"column":32}},"loc":{"start":{"line":21,"column":44},"end":{"line":25,"column":1}},"line":21},"4":{"name":"findByName","decl":{"start":{"line":27,"column":22},"end":{"line":27,"column":32}},"loc":{"start":{"line":27,"column":45},"end":{"line":34,"column":1}},"line":27},"5":{"name":"modificarQuantidade","decl":{"start":{"line":36,"column":22},"end":{"line":36,"column":41}},"loc":{"start":{"line":36,"column":67},"end":{"line":42,"column":1}},"line":36}},"branchMap":{},"s":{"0":2,"1":2,"2":3,"3":3,"4":1,"5":1,"6":2,"7":2,"8":0,"9":0,"10":0,"11":0,"12":0},"f":{"0":2,"1":3,"2":1,"3":2,"4":0,"5":0},"b":{},"_coverageSchema":"1a1c01bbd47fc00a2c39e90264f33305004495a9","hash":"c2df6e6b2c7de806834f7e91a02072de7be339ae"}
,"C:\\Users\\Nicol\\OneDrive\\Documentos\\API_ALMOXARIFADO\\src\\routes\\produtoRoutes.js": {"path":"C:\\Users\\Nicol\\OneDrive\\Documentos\\API_ALMOXARIFADO\\src\\routes\\produtoRoutes.js","statementMap":{"0":{"start":{"line":7,"column":15},"end":{"line":7,"column":23}},"1":{"start":{"line":8,"column":19},"end":{"line":8,"column":49}},"2":{"start":{"line":9,"column":18},"end":{"line":9,"column":42}},"3":{"start":{"line":11,"column":0},"end":{"line":13,"column":3}},"4":{"start":{"line":12,"column":4},"end":{"line":12,"column":66}},"5":{"start":{"line":15,"column":0},"end":{"line":17,"column":2}},"6":{"start":{"line":16,"column":4},"end":{"line":16,"column":67}},"7":{"start":{"line":19,"column":0},"end":{"line":21,"column":2}},"8":{"start":{"line":20,"column":4},"end":{"line":20,"column":74}},"9":{"start":{"line":23,"column":0},"end":{"line":23,"column":32}},"10":{"start":{"line":25,"column":0},"end":{"line":25,"column":36}},"11":{"start":{"line":27,"column":0},"end":{"line":27,"column":32}},"12":{"start":{"line":29,"column":0},"end":{"line":29,"column":37}}},"fnMap":{"0":{"name":"(anonymous_0)","decl":{"start":{"line":11,"column":16},"end":{"line":11,"column":17}},"loc":{"start":{"line":11,"column":35},"end":{"line":13,"column":1}},"line":11},"1":{"name":"(anonymous_1)","decl":{"start":{"line":15,"column":23},"end":{"line":15,"column":24}},"loc":{"start":{"line":15,"column":42},"end":{"line":17,"column":1}},"line":15},"2":{"name":"(anonymous_2)","decl":{"start":{"line":19,"column":33},"end":{"line":19,"column":34}},"loc":{"start":{"line":19,"column":52},"end":{"line":21,"column":1}},"line":19}},"branchMap":{},"s":{"0":4,"1":4,"2":4,"3":4,"4":0,"5":4,"6":0,"7":4,"8":0,"9":4,"10":4,"11":4,"12":4},"f":{"0":0,"1":0,"2":0},"b":{},"_coverageSchema":"1a1c01bbd47fc00a2c39e90264f33305004495a9","hash":"f57b04ab1e9ddac9d82e191b26f5042f2e99a73a"}
,"C:\\Users\\Nicol\\OneDrive\\Documentos\\API_ALMOXARIFADO\\src\\services\\RelatorioService.js": {"path":"C:\\Users\\Nicol\\OneDrive\\Documentos\\API_ALMOXARIFADO\\src\\services\\RelatorioService.js","statementMap":{"0":{"start":{"line":5,"column":18},"end":{"line":5,"column":38}},"1":{"start":{"line":7,"column":27},"end":{"line":7,"column":78}},"2":{"start":{"line":8,"column":4},"end":{"line":8,"column":26}}},"fnMap":{"0":{"name":"processarRelatorio","decl":{"start":{"line":4,"column":22},"end":{"line":4,"column":40}},"loc":{"start":{"line":4,"column":42},"end":{"line":9,"column":1}},"line":4}},"branchMap":{},"s":{"0":1,"1":1,"2":1},"f":{"0":1},"b":{},"_coverageSchema":"1a1c01bbd47fc00a2c39e90264f33305004495a9","hash":"7118ee9689987872558c453761f0f806a39e1195"}
,"C:\\Users\\Nicol\\OneDrive\\Documentos\\API_ALMOXARIFADO\\src\\utils\\ArquivoUtil.js": {"path":"C:\\Users\\Nicol\\OneDrive\\Documentos\\API_ALMOXARIFADO\\src\\utils\\ArquivoUtil.js","statementMap":{"0":{"start":{"line":5,"column":19},"end":{"line":5,"column":49}},"1":{"start":{"line":6,"column":18},"end":{"line":6,"column":42}},"2":{"start":{"line":9,"column":4},"end":{"line":23,"column":9}},"3":{"start":{"line":10,"column":20},"end":{"line":10,"column":30}},"4":{"start":{"line":11,"column":26},"end":{"line":11,"column":143}},"5":{"start":{"line":12,"column":28},"end":{"line":12,"column":59}},"6":{"start":{"line":14,"column":29},"end":{"line":14,"column":76}},"7":{"start":{"line":15,"column":8},"end":{"line":15,"column":55}},"8":{"start":{"line":17,"column":32},"end":{"line":17,"column":68}},"9":{"start":{"line":18,"column":8},"end":{"line":18,"column":84}},"10":{"start":{"line":20,"column":8},"end":{"line":20,"column":30}},"11":{"start":{"line":22,"column":12},"end":{"line":22,"column":63}}},"fnMap":{"0":{"name":"salvarJsonEmDisco","decl":{"start":{"line":8,"column":22},"end":{"line":8,"column":39}},"loc":{"start":{"line":8,"column":56},"end":{"line":24,"column":1}},"line":8}},"branchMap":{},"s":{"0":4,"1":4,"2":1,"3":1,"4":1,"5":1,"6":1,"7":1,"8":1,"9":1,"10":1,"11":0},"f":{"0":1},"b":{},"_coverageSchema":"1a1c01bbd47fc00a2c39e90264f33305004495a9","hash":"24ad7156ed804e23e442ff6ba19da2c84401d4aa"}
}
