TN:
SF:index.js
FN:24,(anonymous_0)
FNF:1
FNH:0
FNDA:0,(anonymous_0)
DA:9,4
DA:10,4
DA:11,4
DA:13,4
DA:14,4
DA:16,4
DA:17,4
DA:19,4
DA:20,4
DA:21,4
DA:23,4
DA:24,0
DA:25,0
LF:13
LH:11
BRDA:23,0,0,0
BRDA:23,0,1,4
BRF:2
BRH:1
end_of_record
TN:
SF:src\config\database.js
FNF:0
FNH:0
DA:4,4
DA:6,4
DA:7,4
DA:17,4
LF:4
LH:4
BRDA:6,0,0,0
BRDA:6,0,1,4
BRDA:6,1,0,4
BRDA:6,1,1,4
BRDA:8,2,0,4
BRDA:8,2,1,0
BRDA:11,3,0,4
BRDA:11,3,1,0
BRF:8
BRH:5
end_of_record
TN:
SF:src\controllers\ProdutoController.js
FN:4,listar
FN:14,relatorio
FN:19,(anonymous_2)
FN:33,adicionar
FN:67,remover
FN:85,buscar
FNF:6
FNH:5
FNDA:2,listar
FNDA:1,relatorio
FNDA:1,(anonymous_2)
FNDA:6,adicionar
FNDA:2,remover
FNDA:0,buscar
DA:5,2
DA:6,2
DA:7,2
DA:9,0
DA:10,0
DA:15,1
DA:16,1
DA:19,1
DA:20,1
DA:21,0
DA:22,0
DA:23,0
DA:28,0
DA:29,0
DA:34,6
DA:35,6
DA:36,6
DA:37,6
DA:39,6
DA:40,1
DA:43,5
DA:44,1
DA:47,4
DA:48,1
DA:51,3
DA:53,3
DA:59,1
DA:60,1
DA:62,0
DA:63,0
DA:68,2
DA:69,2
DA:71,2
DA:73,2
DA:74,1
DA:78,1
DA:80,0
DA:81,0
DA:86,0
DA:87,0
DA:88,0
DA:90,0
DA:91,0
DA:93,0
DA:95,0
DA:96,0
LF:46
LH:27
BRDA:20,0,0,0
BRDA:20,0,1,1
BRDA:22,1,0,0
BRDA:22,1,1,0
BRDA:39,2,0,1
BRDA:39,2,1,5
BRDA:39,3,0,6
BRDA:39,3,1,5
BRDA:39,3,2,5
BRDA:43,4,0,1
BRDA:43,4,1,4
BRDA:43,5,0,5
BRDA:43,5,1,4
BRDA:43,5,2,4
BRDA:43,5,3,4
BRDA:47,6,0,1
BRDA:47,6,1,3
BRDA:59,7,0,1
BRDA:59,7,1,0
BRDA:73,8,0,1
BRDA:73,8,1,1
BRDA:90,9,0,0
BRDA:90,9,1,0
BRDA:90,10,0,0
BRDA:90,10,1,0
BRF:25
BRH:17
end_of_record
TN:
SF:src\middlewares\Logger.js
FN:1,logger
FNF:1
FNH:1
FNDA:11,logger
DA:2,11
DA:3,11
LF:2
LH:2
BRF:0
BRH:0
end_of_record
TN:
SF:src\repositories\ProdutoRepository.js
FN:3,findAll
FN:8,create
FN:16,getRelatorio
FN:21,deleteById
FN:27,findByName
FN:36,modificarQuantidade
FNF:6
FNH:4
FNDA:2,findAll
FNDA:3,create
FNDA:1,getRelatorio
FNDA:2,deleteById
FNDA:0,findByName
FNDA:0,modificarQuantidade
DA:4,2
DA:5,2
DA:9,3
DA:13,3
DA:17,1
DA:18,1
DA:22,2
DA:24,2
DA:28,0
DA:29,0
DA:33,0
DA:37,0
DA:41,0
LF:13
LH:8
BRF:0
BRH:0
end_of_record
TN:
SF:src\routes\produtoRoutes.js
FN:11,(anonymous_0)
FN:15,(anonymous_1)
FN:19,(anonymous_2)
FNF:3
FNH:0
FNDA:0,(anonymous_0)
FNDA:0,(anonymous_1)
FNDA:0,(anonymous_2)
DA:7,4
DA:8,4
DA:9,4
DA:11,4
DA:12,0
DA:15,4
DA:16,0
DA:19,4
DA:20,0
DA:23,4
DA:25,4
DA:27,4
DA:29,4
LF:13
LH:10
BRF:0
BRH:0
end_of_record
TN:
SF:src\services\RelatorioService.js
FN:4,processarRelatorio
FNF:1
FNH:1
FNDA:1,processarRelatorio
DA:5,1
DA:7,1
DA:8,1
LF:3
LH:3
BRF:0
BRH:0
end_of_record
TN:
SF:src\utils\ArquivoUtil.js
FN:8,salvarJsonEmDisco
FNF:1
FNH:1
FNDA:1,salvarJsonEmDisco
DA:5,4
DA:6,4
DA:9,1
DA:10,1
DA:11,1
DA:12,1
DA:14,1
DA:15,1
DA:17,1
DA:18,1
DA:20,1
DA:22,0
LF:12
LH:11
BRF:0
BRH:0
end_of_record
